2014.06.09 15:47 B c:\Innovakids\OldSite\js\bootstrap.js <-- Innovakids /innovaki/js bootstrap.js
2014.06.09 15:47 B c:\Innovakids\OldSite\js\bootstrap.min.js <-- Innovakids /innovaki/js bootstrap.min.js
2014.06.09 15:47 B c:\Innovakids\OldSite\js\jquery-1.3.2.min.js <-- Innovakids /innovaki/js jquery-1.3.2.min.js
2014.06.09 15:47 B c:\Innovakids\OldSite\js\jquery.cycle.all.min.js <-- Innovakids /innovaki/js jquery.cycle.all.min.js
2014.06.09 15:47 B c:\Innovakids\OldSite\js\jquery.js <-- Innovakids /innovaki/js jquery.js
2014.06.09 15:47 B c:\Innovakids\OldSite\js\script.js <-- Innovakids /innovaki/js script.js
2014.06.09 15:47 B c:\Innovakids\OldSite\js\bootstrap.js --> ftp.innovakids.com /innovaki/admin/js bootstrap.js
2014.06.09 15:47 B c:\Innovakids\OldSite\js\bootstrap.min.js --> ftp.innovakids.com /innovaki/admin/js bootstrap.min.js
2014.06.09 15:47 B c:\Innovakids\OldSite\js\jquery-1.3.2.min.js --> ftp.innovakids.com /innovaki/admin/js jquery-1.3.2.min.js
2014.06.09 15:47 B c:\Innovakids\OldSite\js\jquery.cycle.all.min.js --> ftp.innovakids.com /innovaki/admin/js jquery.cycle.all.min.js
2014.06.09 15:47 B c:\Innovakids\OldSite\js\jquery.js --> ftp.innovakids.com /innovaki/admin/js jquery.js
2014.06.09 15:47 B c:\Innovakids\OldSite\js\script.js --> ftp.innovakids.com /innovaki/admin/js script.js
2015.08.19 18:09 B c:\innovakidsSource\Innovakids\js\WS_FTP.LOG <-- Innovakids /innovaki/js WS_FTP.LOG
2015.08.19 18:09 B c:\innovakidsSource\Innovakids\js\script.js <-- Innovakids /innovaki/js script.js
2015.08.19 18:09 B c:\innovakidsSource\Innovakids\js\mvpready-core.js <-- Innovakids /innovaki/js mvpready-core.js
2015.08.19 18:09 B c:\innovakidsSource\Innovakids\js\mvpready-admin.js <-- Innovakids /innovaki/js mvpready-admin.js
2015.08.19 18:09 B c:\innovakidsSource\Innovakids\js\mvpready-account.js <-- Innovakids /innovaki/js mvpready-account.js
2015.08.19 18:09 B c:\innovakidsSource\Innovakids\js\jquery.js <-- Innovakids /innovaki/js jquery.js
2015.08.19 18:09 B c:\innovakidsSource\Innovakids\js\jquery.cycle.all.min.js <-- Innovakids /innovaki/js jquery.cycle.all.min.js
2015.08.19 18:09 B c:\innovakidsSource\Innovakids\js\jquery-1.3.2.min.js <-- Innovakids /innovaki/js jquery-1.3.2.min.js
2015.08.19 18:09 B c:\innovakidsSource\Innovakids\js\bootstrap.min.js <-- Innovakids /innovaki/js bootstrap.min.js
2015.08.19 18:09 B c:\innovakidsSource\Innovakids\js\bootstrap.js <-- Innovakids /innovaki/js bootstrap.js
