2014.03.07 19:46 B C:\Innovakids\Website\App_Code\IService.cs <-- Innovakids /innovaki/App_Code IService.cs
2014.03.07 19:46 B C:\Innovakids\Website\App_Code\Service.cs <-- Innovakids /innovaki/App_Code Service.cs
2014.03.07 22:39 B C:\Innovakids\Website\App_Code\Service.cs --> ftp.Innovakids.com /innovaki/App_Code Service.cs
2014.07.16 17:18 B c:\Innovakids\Home\App_Code\IService.cs <-- Innovakids /innovaki/App_Code IService.cs
2014.07.16 17:18 B c:\Innovakids\Home\App_Code\IService.cs.old <-- Innovakids /innovaki/App_Code IService.cs.old
2014.07.16 17:18 B c:\Innovakids\Home\App_Code\Service.cs <-- Innovakids /innovaki/App_Code Service.cs
2014.07.16 17:18 B c:\Innovakids\Home\App_Code\Service.cs.old <-- Innovakids /innovaki/App_Code Service.cs.old
2014.07.17 17:33 B c:\innovakids\Home\App_Code\IService.cs <-- Innovakids /innovaki/App_Code IService.cs
2014.07.17 17:33 B c:\innovakids\Home\App_Code\IService.cs.old <-- Innovakids /innovaki/App_Code IService.cs.old
2014.07.17 17:33 B c:\innovakids\Home\App_Code\Service.cs <-- Innovakids /innovaki/App_Code Service.cs
2014.07.17 17:33 B c:\innovakids\Home\App_Code\Service.cs.old <-- Innovakids /innovaki/App_Code Service.cs.old
2014.07.29 20:31 B c:\innovakids\Home\App_Code\Classes.cs <-- Innovakids /innovaki/App_Code Classes.cs
2014.07.29 20:31 B c:\innovakids\Home\App_Code\iClasses.cs <-- Innovakids /innovaki/App_Code iClasses.cs
2014.07.29 20:31 B c:\innovakids\Home\App_Code\ischool.cs <-- Innovakids /innovaki/App_Code ischool.cs
2014.07.29 20:31 B c:\innovakids\Home\App_Code\IService.cs <-- Innovakids /innovaki/App_Code IService.cs
2014.07.29 20:31 B c:\innovakids\Home\App_Code\IService.cs.old <-- Innovakids /innovaki/App_Code IService.cs.old
2014.07.29 20:31 B c:\innovakids\Home\App_Code\school.cs <-- Innovakids /innovaki/App_Code school.cs
2014.07.29 20:31 B c:\innovakids\Home\App_Code\Service.cs <-- Innovakids /innovaki/App_Code Service.cs
2014.07.29 20:31 B c:\innovakids\Home\App_Code\Service.cs.old <-- Innovakids /innovaki/App_Code Service.cs.old
2014.07.29 20:52 B c:\innovakids\Home\App_Code\ischool.cs --> ftp.Innovakids.com /innovaki/App_Code ischool.cs
2014.07.29 20:52 B c:\innovakids\Home\App_Code\school.cs --> ftp.Innovakids.com /innovaki/App_Code school.cs
2014.07.29 20:56 B c:\innovakids\Home\App_Code\school.cs --> ftp.Innovakids.com /innovaki/App_Code school.cs
2014.07.29 21:18 B c:\innovakids\Home\App_Code\school.cs --> ftp.Innovakids.com /innovaki/App_Code school.cs
2014.07.29 21:18 B c:\innovakids\Home\App_Code\ischool.cs --> ftp.Innovakids.com /innovaki/App_Code ischool.cs
2014.08.03 10:57 B c:\innovakids\Home\App_Code\school.cs <-- Innovakids /innovaki/App_Code school.cs
2014.08.03 10:57 B c:\innovakids\Home\App_Code\ischool.cs <-- Innovakids /innovaki/App_Code ischool.cs
2014.08.03 10:58 B c:\innovakids\Home\App_Code\Classes.cs <-- Innovakids /innovaki/App_Code Classes.cs
2014.08.03 10:58 B c:\innovakids\Home\App_Code\iClasses.cs <-- Innovakids /innovaki/App_Code iClasses.cs
2014.08.03 10:58 B c:\innovakids\Home\App_Code\Service.cs <-- Innovakids /innovaki/App_Code Service.cs
2014.08.03 10:58 B c:\innovakids\Home\App_Code\IService.cs <-- Innovakids /innovaki/App_Code IService.cs
2014.08.03 10:58 B c:\innovakids\Home\App_Code\Service.cs.old <-- Innovakids /innovaki/App_Code Service.cs.old
2014.08.03 10:58 B c:\innovakids\Home\App_Code\IService.cs.old <-- Innovakids /innovaki/App_Code IService.cs.old
2014.08.03 11:41 B c:\innovakids\Home\App_Code\Classes.cs --> ftp.Innovakids.com /innovaki Classes.cs
2014.08.03 11:41 B c:\innovakids\Home\App_Code\iClasses.cs --> ftp.Innovakids.com /innovaki iClasses.cs
2014.08.03 11:41 B c:\innovakids\Home\App_Code\Classes.cs --> ftp.Innovakids.com /innovaki/App_Code Classes.cs
2014.08.03 11:41 B c:\innovakids\Home\App_Code\iClasses.cs --> ftp.Innovakids.com /innovaki/App_Code iClasses.cs
2014.08.03 11:45 B c:\innovakids\Home\App_Code\Classes.cs --> ftp.Innovakids.com /innovaki/App_Code Classes.cs
2014.08.03 11:46 B c:\innovakids\Home\App_Code\iClasses.cs --> ftp.Innovakids.com /innovaki/App_Code iClasses.cs
2014.08.03 11:48 B c:\innovakids\Home\App_Code\Classes.cs --> ftp.Innovakids.com /innovaki/App_Code Classes.cs
2014.08.03 11:48 B c:\innovakids\Home\App_Code\iClasses.cs --> ftp.Innovakids.com /innovaki/App_Code iClasses.cs
2014.09.15 12:25 B c:\innovakids\Home\App_Code\lessons.cs <-- Innovakids /innovaki/App_Code lessons.cs
2014.09.15 12:25 B c:\innovakids\Home\App_Code\ilessons.cs <-- Innovakids /innovaki/App_Code ilessons.cs
2014.09.15 12:25 B c:\innovakids\Home\App_Code\students.cs <-- Innovakids /innovaki/App_Code students.cs
2014.09.15 12:25 B c:\innovakids\Home\App_Code\school.cs <-- Innovakids /innovaki/App_Code school.cs
2014.09.15 12:25 B c:\innovakids\Home\App_Code\Classes.cs <-- Innovakids /innovaki/App_Code Classes.cs
2014.09.15 12:25 B c:\innovakids\Home\App_Code\IStudents.cs <-- Innovakids /innovaki/App_Code IStudents.cs
2014.09.15 12:25 B c:\innovakids\Home\App_Code\Service.cs <-- Innovakids /innovaki/App_Code Service.cs
2014.09.15 12:25 B c:\innovakids\Home\App_Code\IService.cs <-- Innovakids /innovaki/App_Code IService.cs
2014.09.15 12:26 B c:\innovakids\Home\App_Code\Service.cs.old <-- Innovakids /innovaki/App_Code Service.cs.old
2014.09.15 12:26 B c:\innovakids\Home\App_Code\ischool.cs <-- Innovakids /innovaki/App_Code ischool.cs
2014.09.15 12:26 B c:\innovakids\Home\App_Code\iClasses.cs <-- Innovakids /innovaki/App_Code iClasses.cs
2014.09.15 12:26 B c:\innovakids\Home\App_Code\IService.cs.old <-- Innovakids /innovaki/App_Code IService.cs.old
2014.09.25 20:56 B c:\innovakids\Home\App_Code\Classes.cs <-- Innovakids /innovaki/App_Code Classes.cs
2014.09.25 20:56 B c:\innovakids\Home\App_Code\concept.cs <-- Innovakids /innovaki/App_Code concept.cs
2014.09.25 20:56 B c:\innovakids\Home\App_Code\iClasses.cs <-- Innovakids /innovaki/App_Code iClasses.cs
2014.09.25 20:56 B c:\innovakids\Home\App_Code\iconcept.cs <-- Innovakids /innovaki/App_Code iconcept.cs
2014.09.25 20:56 B c:\innovakids\Home\App_Code\ilessons.cs <-- Innovakids /innovaki/App_Code ilessons.cs
2014.09.25 20:56 B c:\innovakids\Home\App_Code\iparents.cs <-- Innovakids /innovaki/App_Code iparents.cs
2014.09.25 20:56 B c:\innovakids\Home\App_Code\ischool.cs <-- Innovakids /innovaki/App_Code ischool.cs
2014.09.25 20:56 B c:\innovakids\Home\App_Code\lessons.cs <-- Innovakids /innovaki/App_Code lessons.cs
2014.09.25 20:56 B c:\innovakids\Home\App_Code\parents.cs <-- Innovakids /innovaki/App_Code parents.cs
2014.09.25 20:56 B c:\innovakids\Home\App_Code\school.cs <-- Innovakids /innovaki/App_Code school.cs
2014.09.25 20:56 B c:\innovakids\Home\App_Code\students.cs <-- Innovakids /innovaki/App_Code students.cs
2014.09.25 21:54 B c:\innovakids\Home\App_Code\concept.cs --> ftp.Innovakids.com /innovaki/App_Code concept.cs
2014.09.25 21:56 B c:\innovakids\Home\App_Code\concept.cs --> ftp.Innovakids.com /innovaki/App_Code concept.cs
2014.09.25 22:14 B c:\innovakids\Home\App_Code\concept.cs --> ftp.Innovakids.com /innovaki/App_Code concept.cs
2014.09.25 22:17 B c:\innovakids\Home\App_Code\concept.cs --> ftp.Innovakids.com /innovaki/App_Code concept.cs
2014.09.25 22:19 B c:\innovakids\Home\App_Code\concept.cs --> ftp.Innovakids.com /innovaki/App_Code concept.cs
2014.09.25 22:19 B c:\innovakids\Home\App_Code\concept.cs --> ftp.Innovakids.com /innovaki/App_Code concept.cs
2014.09.29 12:42 B c:\innovakids\Home\App_Code\concept.cs <-- Innovakids /innovaki/App_Code concept.cs
2014.09.29 12:42 B c:\innovakids\Home\App_Code\iconcept.cs <-- Innovakids /innovaki/App_Code iconcept.cs
2014.09.29 12:42 B c:\innovakids\Home\App_Code\lessons.cs <-- Innovakids /innovaki/App_Code lessons.cs
2014.09.29 12:42 B c:\innovakids\Home\App_Code\parents.cs <-- Innovakids /innovaki/App_Code parents.cs
2014.09.29 12:42 B c:\innovakids\Home\App_Code\iparents.cs <-- Innovakids /innovaki/App_Code iparents.cs
2014.09.29 12:48 B c:\innovakids\Home\App_Code\lessons.cs --> ftp.Innovakids.com /innovaki/App_Code lessons.cs
2014.09.29 12:52 B c:\innovakids\Home\App_Code\lessons.cs --> ftp.Innovakids.com /innovaki/App_Code lessons.cs
2014.09.29 12:53 B c:\innovakids\Home\App_Code\lessons.cs --> ftp.Innovakids.com /innovaki/App_Code lessons.cs
2014.09.29 13:13 B c:\innovakids\Home\App_Code\students.cs --> ftp.Innovakids.com /innovaki/App_Code students.cs
2014.09.29 13:13 B c:\innovakids\Home\App_Code\IStudents.cs --> ftp.Innovakids.com /innovaki/App_Code IStudents.cs
2014.10.10 12:39 B c:\innovakids\Home\App_Code\concept.cs <-- Innovakids /innovaki/App_Code concept.cs
2014.10.10 12:40 B c:\innovakids\Home\App_Code\concept.cs --> ftp.Innovakids.com /innovaki/App_Code concept.cs
2014.10.10 12:44 B c:\innovakids\Home\App_Code\concept.cs --> ftp.Innovakids.com /innovaki/App_Code concept.cs
2014.10.10 12:50 B c:\innovakids\Home\App_Code\concept.cs --> ftp.Innovakids.com /innovaki/App_Code concept.cs
2014.10.10 12:51 B c:\innovakids\Home\App_Code\concept.cs --> ftp.Innovakids.com /innovaki/App_Code concept.cs
2014.10.21 13:02 B c:\innovakids\Home\App_Code\lessons.cs --> ftp.Innovakids.com /innovaki/App_Code lessons.cs
2014.10.21 13:02 B c:\innovakids\Home\App_Code\ilessons.cs --> ftp.Innovakids.com /innovaki/App_Code ilessons.cs
2014.10.23 12:42 B c:\innovakids\Home\App_Code\lessons.cs <-- Innovakids /innovaki/App_Code lessons.cs
2014.10.23 12:42 B c:\innovakids\Home\App_Code\ilessons.cs <-- Innovakids /innovaki/App_Code ilessons.cs
2014.10.23 12:49 B c:\innovakids\Home\App_Code\lessons.cs --> ftp.Innovakids.com /innovaki/App_Code lessons.cs
2014.10.23 12:51 B c:\innovakids\Home\App_Code\lessons.cs --> ftp.Innovakids.com /innovaki/App_Code lessons.cs
2014.10.23 12:54 B c:\innovakids\Home\App_Code\lessons.cs --> ftp.Innovakids.com /innovaki/App_Code lessons.cs
2014.10.24 12:47 B c:\innovakids\Home\App_Code\account-homework.php --> ftp.Innovakids.com /innovaki account-homework.php
2014.10.24 12:47 B c:\innovakids\Home\App_Code\homework.cs --> ftp.Innovakids.com /innovaki/App_Code homework.cs
2014.10.24 12:47 B c:\innovakids\Home\App_Code\ihomework.cs --> ftp.Innovakids.com /innovaki/App_Code ihomework.cs
2014.10.24 12:47 B c:\innovakids\Home\App_Code\lessons.cs --> ftp.Innovakids.com /innovaki/App_Code lessons.cs
2014.10.24 12:47 B c:\innovakids\Home\App_Code\ilessons.cs --> ftp.Innovakids.com /innovaki/App_Code ilessons.cs
2014.10.24 12:47 B c:\innovakids\Home\App_Code\concept.cs --> ftp.Innovakids.com /innovaki/App_Code concept.cs
2014.10.24 12:49 B c:\innovakids\Home\App_Code\homework.cs --> ftp.Innovakids.com /innovaki/App_Code homework.cs
2014.10.24 12:59 B c:\innovakids\Home\App_Code\lessons.cs --> ftp.Innovakids.com /innovaki/App_Code lessons.cs
2014.10.26 17:28 B c:\innovakids\Home\App_Code\homework.cs --> ftp.Innovakids.com /innovaki/App_Code homework.cs
2014.10.26 17:28 B c:\innovakids\Home\App_Code\ihomework.cs --> ftp.Innovakids.com /innovaki/App_Code ihomework.cs
2014.10.26 17:33 B c:\innovakids\Home\App_Code\homework.cs --> ftp.Innovakids.com /innovaki/App_Code homework.cs
2014.10.26 17:44 B c:\innovakids\Home\App_Code\homework.cs --> ftp.Innovakids.com /innovaki/App_Code homework.cs
2014.10.26 17:44 B c:\innovakids\Home\App_Code\ihomework.cs --> ftp.Innovakids.com /innovaki/App_Code ihomework.cs
2014.10.26 20:54 B c:\innovakids\Home\App_Code\homework.cs --> ftp.Innovakids.com /innovaki/App_Code homework.cs
2014.10.26 20:54 B c:\innovakids\Home\App_Code\ihomework.cs --> ftp.Innovakids.com /innovaki/App_Code ihomework.cs
2014.10.26 20:55 B c:\innovakids\Home\App_Code\homework.cs --> ftp.Innovakids.com /innovaki/App_Code homework.cs
2014.10.26 20:55 B c:\innovakids\Home\App_Code\ihomework.cs --> ftp.Innovakids.com /innovaki/App_Code ihomework.cs
2014.10.26 21:06 B c:\innovakids\Home\App_Code\homework.cs --> ftp.Innovakids.com /innovaki/App_Code homework.cs
2014.10.26 21:06 B c:\innovakids\Home\App_Code\ihomework.cs --> ftp.Innovakids.com /innovaki/App_Code ihomework.cs
2014.10.26 21:06 B c:\innovakids\Home\App_Code\homework.cs --> ftp.Innovakids.com /innovaki/App_Code homework.cs
2014.10.26 21:06 B c:\innovakids\Home\App_Code\ihomework.cs --> ftp.Innovakids.com /innovaki/App_Code ihomework.cs
2014.10.26 21:14 B c:\innovakids\Home\App_Code\homework.cs --> ftp.Innovakids.com /innovaki/App_Code homework.cs
2014.10.28 12:45 B c:\innovakids\Home\App_Code\lessons.cs --> ftp.innovakids.com /innovaki/App_Code lessons.cs
2014.10.28 12:45 B c:\innovakids\Home\App_Code\ilessons.cs --> ftp.innovakids.com /innovaki/App_Code ilessons.cs
2015.08.19 18:08 B c:\innovakidsSource\Innovakids\App_Code\WS_FTP.LOG <-- Innovakids /innovaki/App_Code WS_FTP.LOG
2015.08.19 18:08 B c:\innovakidsSource\Innovakids\App_Code\lessons.cs <-- Innovakids /innovaki/App_Code lessons.cs
2015.08.19 18:08 B c:\innovakidsSource\Innovakids\App_Code\ilessons.cs <-- Innovakids /innovaki/App_Code ilessons.cs
2015.08.19 18:08 B c:\innovakidsSource\Innovakids\App_Code\homework.cs <-- Innovakids /innovaki/App_Code homework.cs
2015.08.19 18:08 B c:\innovakidsSource\Innovakids\App_Code\ihomework.cs <-- Innovakids /innovaki/App_Code ihomework.cs
2015.08.19 18:08 B c:\innovakidsSource\Innovakids\App_Code\concept.cs <-- Innovakids /innovaki/App_Code concept.cs
2015.08.19 18:08 B c:\innovakidsSource\Innovakids\App_Code\iconcept.cs <-- Innovakids /innovaki/App_Code iconcept.cs
2015.08.19 18:08 B c:\innovakidsSource\Innovakids\App_Code\school.cs <-- Innovakids /innovaki/App_Code school.cs
2015.08.19 18:08 B c:\innovakidsSource\Innovakids\App_Code\parents.cs <-- Innovakids /innovaki/App_Code parents.cs
2015.08.19 18:08 B c:\innovakidsSource\Innovakids\App_Code\ischool.cs <-- Innovakids /innovaki/App_Code ischool.cs
2015.08.19 18:08 B c:\innovakidsSource\Innovakids\App_Code\iparents.cs <-- Innovakids /innovaki/App_Code iparents.cs
2015.08.19 18:08 B c:\innovakidsSource\Innovakids\App_Code\iClasses.cs <-- Innovakids /innovaki/App_Code iClasses.cs
2015.08.19 18:08 B c:\innovakidsSource\Innovakids\App_Code\Service.cs.old <-- Innovakids /innovaki/App_Code Service.cs.old
2015.08.19 18:08 B c:\innovakidsSource\Innovakids\App_Code\Service.cs <-- Innovakids /innovaki/App_Code Service.cs
2015.08.19 18:08 B c:\innovakidsSource\Innovakids\App_Code\IService.cs <-- Innovakids /innovaki/App_Code IService.cs
2015.08.19 18:08 B c:\innovakidsSource\Innovakids\App_Code\IService.cs.old <-- Innovakids /innovaki/App_Code IService.cs.old
