2014.07.11 10:29 B c:\Innovakids2014\js\demos\page-icons.js <-- Innovakids /innovaki/js/demos page-icons.js
2014.07.11 10:29 B c:\Innovakids2014\js\demos\pricing.js <-- Innovakids /innovaki/js/demos pricing.js
2014.07.11 10:29 B c:\Innovakids2014\js\demos\table__student_data.json <-- Innovakids /innovaki/js/demos table__student_data.json
2014.07.11 10:29 B c:\Innovakids2014\js\demos\table_data.json <-- Innovakids /innovaki/js/demos table_data.json
2014.07.11 10:29 B c:\Innovakids2014\js\demos\table_demo.js <-- Innovakids /innovaki/js/demos table_demo.js
2014.07.11 10:29 B c:\Innovakids2014\js\demos\table_student.js <-- Innovakids /innovaki/js/demos table_student.js
2014.07.11 10:29 B c:\Innovakids2014\js\demos\table_student_data.json <-- Innovakids /innovaki/js/demos table_student_data.json
2014.07.11 10:29 B c:\Innovakids2014\js\demos\validation.js <-- Innovakids /innovaki/js/demos validation.js
2015.08.19 18:09 B c:\innovakidsSource\Innovakids\js\teachers\ws_ftp.log <-- Innovakids /innovaki/js/teachers ws_ftp.log
2015.08.19 18:09 B c:\innovakidsSource\Innovakids\js\teachers\validation.js <-- Innovakids /innovaki/js/teachers validation.js
2015.08.19 18:09 B c:\innovakidsSource\Innovakids\js\teachers\table_student_data.json <-- Innovakids /innovaki/js/teachers table_student_data.json
2015.08.19 18:09 B c:\innovakidsSource\Innovakids\js\teachers\table_student.js <-- Innovakids /innovaki/js/teachers table_student.js
2015.08.19 18:09 B c:\innovakidsSource\Innovakids\js\teachers\table_lessons.js <-- Innovakids /innovaki/js/teachers table_lessons.js
2015.08.19 18:09 B c:\innovakidsSource\Innovakids\js\teachers\table_demo.js <-- Innovakids /innovaki/js/teachers table_demo.js
2015.08.19 18:09 B c:\innovakidsSource\Innovakids\js\teachers\table_data.json <-- Innovakids /innovaki/js/teachers table_data.json
2015.08.19 18:09 B c:\innovakidsSource\Innovakids\js\teachers\table_classes.json <-- Innovakids /innovaki/js/teachers table_classes.json
2015.08.19 18:09 B c:\innovakidsSource\Innovakids\js\teachers\table_classes.js <-- Innovakids /innovaki/js/teachers table_classes.js
2015.08.19 18:09 B c:\innovakidsSource\Innovakids\js\teachers\table__student_data.json <-- Innovakids /innovaki/js/teachers table__student_data.json
2015.08.19 18:09 B c:\innovakidsSource\Innovakids\js\teachers\pricing.js <-- Innovakids /innovaki/js/teachers pricing.js
2015.08.19 18:09 B c:\innovakidsSource\Innovakids\js\teachers\page-icons.js <-- Innovakids /innovaki/js/teachers page-icons.js
